{
  "stats": {
    "suites": 2,
    "tests": 2,
    "passes": 2,
    "pending": 0,
    "failures": 0,
    "start": "2020-08-22T07:34:38.387Z",
    "end": "2020-08-22T07:34:38.387Z",
    "duration": 1278,
    "testsRegistered": 2,
    "passPercent": 100,
    "pendingPercent": 0,
    "other": 0,
    "hasOther": false,
    "skipped": 0,
    "hasSkipped": false
  },
  "results": [
    {
      "uuid": "164ec93f-d679-4610-9d94-fa06488fc21e",
      "title": "",
      "fullFile": "test/cypress/integration/app/index/index.spec.js",
      "file": "test/cypress/integration/app/index/index.spec.js",
      "beforeHooks": [],
      "afterHooks": [],
      "tests": [],
      "suites": [
        {
          "uuid": "5a9e835b-03d2-4ca9-8071-907a9a3c331e",
          "title": "Landing",
          "fullFile": "",
          "file": "",
          "beforeHooks": [],
          "afterHooks": [],
          "tests": [
            {
              "title": ".should() - assert that <title> is correct",
              "fullTitle": "Landing .should() - assert that <title> is correct",
              "timedOut": null,
              "duration": 713,
              "state": "passed",
              "speed": "slow",
              "pass": true,
              "fail": false,
              "pending": false,
              "context": null,
              "code": "cy.title().should('include', '');",
              "err": {},
              "uuid": "d17bc6d4-a96f-4afe-8219-74af2fee7641",
              "parentUUID": "5a9e835b-03d2-4ca9-8071-907a9a3c331e",
              "isHook": false,
              "skipped": false
            }
          ],
          "suites": [],
          "passes": ["d17bc6d4-a96f-4afe-8219-74af2fee7641"],
          "failures": [],
          "pending": [],
          "skipped": [],
          "duration": 713,
          "root": false,
          "rootEmpty": false,
          "_timeout": 2000
        }
      ],
      "passes": [],
      "failures": [],
      "pending": [],
      "skipped": [],
      "duration": 0,
      "root": true,
      "rootEmpty": true,
      "_timeout": 2000
    },
    {
      "uuid": "eeb27b32-ac82-4273-bf4e-ba0438c94126",
      "title": "",
      "fullFile": "test/cypress/integration/app/index/index.spec.js",
      "file": "test/cypress/integration/app/index/index.spec.js",
      "beforeHooks": [],
      "afterHooks": [],
      "tests": [],
      "suites": [
        {
          "uuid": "74c1b4b2-7177-4a11-8fb7-1cbabb7fc062",
          "title": "Landing",
          "fullFile": "",
          "file": "",
          "beforeHooks": [],
          "afterHooks": [],
          "tests": [
            {
              "title": ".should() - assert that <title> is correct",
              "fullTitle": "Landing .should() - assert that <title> is correct",
              "timedOut": null,
              "duration": 565,
              "state": "passed",
              "speed": "slow",
              "pass": true,
              "fail": false,
              "pending": false,
              "context": null,
              "code": "cy.title().should('include', '');",
              "err": {},
              "uuid": "1454ff1f-f0e6-4fa6-bfb0-f3a7a5e28b28",
              "parentUUID": "74c1b4b2-7177-4a11-8fb7-1cbabb7fc062",
              "isHook": false,
              "skipped": false
            }
          ],
          "suites": [],
          "passes": ["1454ff1f-f0e6-4fa6-bfb0-f3a7a5e28b28"],
          "failures": [],
          "pending": [],
          "skipped": [],
          "duration": 565,
          "root": false,
          "rootEmpty": false,
          "_timeout": 2000
        }
      ],
      "passes": [],
      "failures": [],
      "pending": [],
      "skipped": [],
      "duration": 0,
      "root": true,
      "rootEmpty": true,
      "_timeout": 2000
    }
  ],
  "meta": {
    "mocha": {
      "version": "7.0.1"
    },
    "mochawesome": {
      "options": {
        "quiet": false,
        "reportFilename": "mochawesome",
        "saveHtml": false,
        "saveJson": true,
        "consoleReporter": "spec",
        "useInlineDiffs": false,
        "code": true
      },
      "version": "6.1.1"
    },
    "marge": {
      "options": {
        "reportDir": "test/cypress/report/mochawesome-report",
        "overwrite": false,
        "html": false,
        "json": true,
        "timestamp": "mmddyyyy_HHMMss"
      },
      "version": "5.1.0"
    }
  }
}
